upstream django {
    # connect to this socket
    server unix:///tmp/api.sock;    # for a file socket
    #server /tmp;      # for a web port socket
    }

server {
   listen       80;
   server_name  localhost;
   charset     utf-8;
   location / {
       root   /var/www/html;
       index  index.php index.html index.htm;
   }

   location ~ \.php$ {
       fastcgi_pass    unix:/var/run/php-fpm/php-fpm.sock;
       fastcgi_index   index.php;
       fastcgi_param   SCRIPT_FILENAME  /var/www/html$fastcgi_script_name;
       include         fastcgi_params;
   }
   location /gomobi/ {
        uwsgi_pass  django;
        include      /etc/nginx/uwsgi_params; # or the uwsgi_params you installed manually
        }
}